<?xml version="1.0" encoding="UTF-8"?>
<!-- Generated by org.testng.reporters.JUnitXMLReporter -->
<testsuite ignored="0" hostname="DESKTOP-4937DAR" failures="1" tests="1" name="Test" time="0.141" errors="0" timestamp="2020-09-12T20:50:51 IST">
  <testcase classname="assessment.VisualBI.SampleTestCase" name="@AfterTest tearDown" time="0.001">
    <failure type="java.lang.NullPointerException">
      <![CDATA[java.lang.NullPointerException
at assessment.VisualBI.SampleTestCase.tearDown(SampleTestCase.java:35)
... Removed 24 stack frames]]>
    </failure>
  </testcase> <!-- @AfterTest tearDown -->
  <testcase classname="assessment.VisualBI.SampleTestCase" name="testCase1" time="0.028">
    <failure type="java.io.FileNotFoundException" message="X:\BDDAssignment\VisualBI\properties\data.properties (The system cannot find the path specified)">
      <![CDATA[java.io.FileNotFoundException: X:\BDDAssignment\VisualBI\properties\data.properties (The system cannot find the path specified)
at java.base/java.io.FileInputStream.open0(Native Method)
at java.base/java.io.FileInputStream.open(FileInputStream.java:212)
at java.base/java.io.FileInputStream.<init>(FileInputStream.java:154)
at java.base/java.io.FileInputStream.<init>(FileInputStream.java:109)
at resources.Base.startApp(Base.java:35)
at utilities.WebData.openURL(WebData.java:21)
at assessment.VisualBI.SampleTestCase.testCase1(SampleTestCase.java:18)
at java.base/java.util.ArrayList.forEach(ArrayList.java:1511)
... Removed 27 stack frames]]>
    </failure>
  </testcase> <!-- testCase1 -->
</testsuite> <!-- Test -->
