<?xml version="1.0" encoding="UTF-8"?>
<testng-results ignored="0" total="1" passed="1" failed="0" skipped="0">
  <reporter-output>
  </reporter-output>
  <suite started-at="2020-09-12T20:56:18 IST" name="Suite" finished-at="2020-09-12T20:56:48 IST" duration-ms="30408">
    <groups>
    </groups>
    <test started-at="2020-09-12T20:56:18 IST" name="Test" finished-at="2020-09-12T20:56:48 IST" duration-ms="30408">
      <class name="assessment.VisualBI.SampleTestCase">
        <test-method signature="testCase1()[pri:0, instance:assessment.VisualBI.SampleTestCase@2c767a52]" started-at="2020-09-12T20:56:18 IST" name="testCase1" finished-at="2020-09-12T20:56:46 IST" duration-ms="27934" status="PASS">
          <reporter-output>
          </reporter-output>
        </test-method> <!-- testCase1 -->
        <test-method is-config="true" signature="tearDown()[pri:0, instance:assessment.VisualBI.SampleTestCase@2c767a52]" started-at="2020-09-12T20:56:46 IST" name="tearDown" finished-at="2020-09-12T20:56:48 IST" duration-ms="2393" status="PASS">
          <reporter-output>
          </reporter-output>
        </test-method> <!-- tearDown -->
      </class> <!-- assessment.VisualBI.SampleTestCase -->
    </test> <!-- Test -->
  </suite> <!-- Suite -->
</testng-results>
