<?xml version="1.0" encoding="UTF-8"?>
<testng-results ignored="0" total="1" passed="1" failed="0" skipped="0">
  <reporter-output>
  </reporter-output>
  <suite started-at="2020-09-12T20:52:16 IST" name="Default suite" finished-at="2020-09-12T20:52:45 IST" duration-ms="28669">
    <groups>
    </groups>
    <test started-at="2020-09-12T20:52:16 IST" name="Default test" finished-at="2020-09-12T20:52:45 IST" duration-ms="28669">
      <class name="assessment.VisualBI.SampleTestCase">
        <test-method signature="testCase1()[pri:0, instance:assessment.VisualBI.SampleTestCase@4218d6a3]" started-at="2020-09-12T20:52:16 IST" name="testCase1" finished-at="2020-09-12T20:52:43 IST" duration-ms="26562" status="PASS">
          <reporter-output>
          </reporter-output>
        </test-method> <!-- testCase1 -->
        <test-method is-config="true" signature="tearDown()[pri:0, instance:assessment.VisualBI.SampleTestCase@4218d6a3]" started-at="2020-09-12T20:52:43 IST" name="tearDown" finished-at="2020-09-12T20:52:45 IST" duration-ms="2026" status="PASS">
          <reporter-output>
          </reporter-output>
        </test-method> <!-- tearDown -->
      </class> <!-- assessment.VisualBI.SampleTestCase -->
    </test> <!-- Default test -->
  </suite> <!-- Default suite -->
</testng-results>
